
  .   ____          _            __ _ _
 /\\ / ___'_ __ _ _(_)_ __  __ _ \ \ \ \
( ( )\___ | '_ | '_| | '_ \/ _` | \ \ \ \
 \\/  ___)| |_)| | | | | || (_| |  ) ) ) )
  '  |____| .__|_| |_|_| |_\__, | / / / /
 =========|_|==============|___/=/_/_/_/

 :: Spring Boot ::                (v4.0.5)

2026-04-15T13:28:05.735+07:00  INFO 28744 --- [demo_driven] [           main] i.fit.demo_driven.DemoDrivenApplication  : Starting DemoDrivenApplication v0.0.1-SNAPSHOT using Java 21.0.7 with PID 28744 (C:\Users\tinsh\OneDrive\Documents\IUH_3\KienTruc\demo_driven\target\demo_driven-0.0.1-SNAPSHOT.jar started by Tisjn in C:\Users\tinsh\OneDrive\Documents\IUH_3\KienTruc\demo_driven)
2026-04-15T13:28:05.773+07:00  INFO 28744 --- [demo_driven] [           main] i.fit.demo_driven.DemoDrivenApplication  : No active profile set, falling back to 1 default profile: "default"
2026-04-15T13:28:07.296+07:00  INFO 28744 --- [demo_driven] [           main] .s.d.r.c.RepositoryConfigurationDelegate : Bootstrapping Spring Data JPA repositories in DEFAULT mode.
2026-04-15T13:28:07.433+07:00  INFO 28744 --- [demo_driven] [           main] .s.d.r.c.RepositoryConfigurationDelegate : Finished Spring Data repository scanning in 93 ms. Found 1 JPA repository interface.
2026-04-15T13:28:08.787+07:00  INFO 28744 --- [demo_driven] [           main] o.s.boot.tomcat.TomcatWebServer          : Tomcat initialized with port 8080 (http)
2026-04-15T13:28:08.824+07:00  INFO 28744 --- [demo_driven] [           main] o.apache.catalina.core.StandardService   : Starting service [Tomcat]
2026-04-15T13:28:08.825+07:00  INFO 28744 --- [demo_driven] [           main] o.apache.catalina.core.StandardEngine    : Starting Servlet engine: [Apache Tomcat/11.0.20]
2026-04-15T13:28:08.888+07:00  INFO 28744 --- [demo_driven] [           main] b.w.c.s.WebApplicationContextInitializer : Root WebApplicationContext: initialization completed in 2970 ms
2026-04-15T13:28:09.352+07:00  INFO 28744 --- [demo_driven] [           main] org.hibernate.orm.jpa                    : HHH008540: Processing PersistenceUnitInfo [name: default]
2026-04-15T13:28:09.463+07:00  INFO 28744 --- [demo_driven] [           main] org.hibernate.orm.core                   : HHH000001: Hibernate ORM core version 7.2.7.Final
2026-04-15T13:28:10.658+07:00  INFO 28744 --- [demo_driven] [           main] o.s.o.j.p.SpringPersistenceUnitInfo      : No LoadTimeWeaver setup: ignoring JPA class transformer
2026-04-15T13:28:10.741+07:00  INFO 28744 --- [demo_driven] [           main] com.zaxxer.hikari.HikariDataSource       : HikariPool-1 - Starting...
2026-04-15T13:28:11.128+07:00  INFO 28744 --- [demo_driven] [           main] com.zaxxer.hikari.pool.HikariPool        : HikariPool-1 - Added connection conn0: url=jdbc:h2:mem:demo_db user=SA
2026-04-15T13:28:11.145+07:00  INFO 28744 --- [demo_driven] [           main] com.zaxxer.hikari.HikariDataSource       : HikariPool-1 - Start completed.
2026-04-15T13:28:11.269+07:00  INFO 28744 --- [demo_driven] [           main] org.hibernate.orm.connections.pooling    : HHH10001005: Database info:
	Database JDBC URL [jdbc:h2:mem:demo_db]
	Database driver: H2 JDBC Driver
	Database dialect: H2Dialect
	Database version: 2.4.240
	Default catalog/schema: DEMO_DB/PUBLIC
	Autocommit mode: undefined/unknown
	Isolation level: READ_COMMITTED [default READ_COMMITTED]
	JDBC fetch size: 100
	Pool: DataSourceConnectionProvider
	Minimum pool size: undefined/unknown
	Maximum pool size: undefined/unknown
2026-04-15T13:28:12.780+07:00  INFO 28744 --- [demo_driven] [           main] org.hibernate.orm.core                   : HHH000489: No JTA platform available (set 'hibernate.transaction.jta.platform' to enable JTA platform integration)
Hibernate: 
    create table users (
        id bigint generated by default as identity,
        full_name varchar(255) not null,
        password varchar(255) not null,
        username varchar(255) not null,
        primary key (id)
    )
Hibernate: 
    alter table if exists users 
       drop constraint if exists UKr43af9ap4edm43mmtq01oddj6
Hibernate: 
    alter table if exists users 
       add constraint UKr43af9ap4edm43mmtq01oddj6 unique (username)
2026-04-15T13:28:12.913+07:00  INFO 28744 --- [demo_driven] [           main] j.LocalContainerEntityManagerFactoryBean : Initialized JPA EntityManagerFactory for persistence unit 'default'
2026-04-15T13:28:13.089+07:00  INFO 28744 --- [demo_driven] [           main] o.s.d.j.r.query.QueryEnhancerFactories   : Hibernate is in classpath; If applicable, HQL parser will be used.
2026-04-15T13:28:13.529+07:00  WARN 28744 --- [demo_driven] [           main] JpaBaseConfiguration$JpaWebConfiguration : spring.jpa.open-in-view is enabled by default. Therefore, database queries may be performed during view rendering. Explicitly configure spring.jpa.open-in-view to disable this warning
2026-04-15T13:28:14.680+07:00  WARN 28744 --- [demo_driven] [           main] ConfigServletWebServerApplicationContext : Exception encountered during context initialization - cancelling refresh attempt: org.springframework.context.ApplicationContextException: Failed to start bean 'webServerStartStop'
2026-04-15T13:28:14.696+07:00  INFO 28744 --- [demo_driven] [           main] j.LocalContainerEntityManagerFactoryBean : Closing JPA EntityManagerFactory for persistence unit 'default'
2026-04-15T13:28:14.708+07:00  INFO 28744 --- [demo_driven] [           main] com.zaxxer.hikari.HikariDataSource       : HikariPool-1 - Shutdown initiated...
2026-04-15T13:28:14.717+07:00  INFO 28744 --- [demo_driven] [           main] com.zaxxer.hikari.HikariDataSource       : HikariPool-1 - Shutdown completed.
2026-04-15T13:28:14.743+07:00  INFO 28744 --- [demo_driven] [           main] .s.b.a.l.ConditionEvaluationReportLogger : 

Error starting ApplicationContext. To display the condition evaluation report re-run your application with 'debug' enabled.
2026-04-15T13:28:14.795+07:00 ERROR 28744 --- [demo_driven] [           main] o.s.b.d.LoggingFailureAnalysisReporter   : 

***************************
APPLICATION FAILED TO START
***************************

Description:

Web server failed to start. Port 8080 was already in use.

Action:

Identify and stop the process that's listening on port 8080 or configure this application to listen on another port.

